<?xml version="1.0" encoding="UTF-8"?>
<testng-results skipped="0" failed="0" ignored="0" total="1" passed="1">
  <reporter-output>
  </reporter-output>
  <suite name="Suite" duration-ms="5883" started-at="2018-06-09T05:36:11Z" finished-at="2018-06-09T05:36:17Z">
    <groups>
    </groups>
    <test name="Test" duration-ms="5883" started-at="2018-06-09T05:36:11Z" finished-at="2018-06-09T05:36:17Z">
      <class name="testCases.ApiValidation">
        <test-method status="PASS" signature="validationRunner()[pri:0, instance:testCases.ApiValidation@4f209819]" name="validationRunner" duration-ms="5863" started-at="2018-06-09T05:36:11Z" finished-at="2018-06-09T05:36:17Z">
          <reporter-output>
          </reporter-output>
        </test-method> <!-- validationRunner -->
      </class> <!-- testCases.ApiValidation -->
    </test> <!-- Test -->
  </suite> <!-- Suite -->
</testng-results>
