<?xml version="1.0" encoding="UTF-8"?>
<testng-results skipped="0" failed="0" ignored="0" total="1" passed="1">
  <reporter-output>
  </reporter-output>
  <suite name="Default suite" duration-ms="1897" started-at="2018-06-06T08:42:06Z" finished-at="2018-06-06T08:42:08Z">
    <groups>
    </groups>
    <test name="Default test" duration-ms="1897" started-at="2018-06-06T08:42:06Z" finished-at="2018-06-06T08:42:08Z">
      <class name="testCases.ApiValidation">
        <test-method status="PASS" signature="getValidation()[pri:0, instance:testCases.ApiValidation@3a82f6ef]" name="getValidation" duration-ms="1871" started-at="2018-06-06T08:42:06Z" finished-at="2018-06-06T08:42:08Z">
          <reporter-output>
          </reporter-output>
        </test-method> <!-- getValidation -->
      </class> <!-- testCases.ApiValidation -->
    </test> <!-- Default test -->
  </suite> <!-- Default suite -->
</testng-results>
